#
# There is insufficient memory for the Java Runtime Environment to continue.
# Native memory allocation (malloc) failed to allocate 656576 bytes for Chunk::new
# Possible reasons:
#   The system is out of physical RAM or swap space
#   The process is running with CompressedOops enabled, and the Java Heap may be blocking the growth of the native heap
# Possible solutions:
#   Reduce memory load on the system
#   Increase physical memory or swap space
#   Check if swap backing store is full
#   Decrease Java heap size (-Xmx/-Xms)
#   Decrease number of Java threads
#   Decrease Java thread stack sizes (-Xss)
#   Set larger code cache with -XX:ReservedCodeCacheSize=
#   JVM is running with Unscaled Compressed Oops mode in which the Java heap is
#     placed in the first 4GB address space. The Java Heap base address is the
#     maximum limit for the native heap growth. Please use -XX:HeapBaseMinAddress
#     to set the Java Heap base and to place the Java Heap above 4GB virtual address.
# This output file may be truncated or incomplete.
#
#  Out of Memory Error (./src/hotspot/share/memory/arena.cpp:197), pid=1760, tid=8896
#
# JRE version: OpenJDK Runtime Environment (11.0.11+9) (build 11.0.11+9-b60-7590822)
# Java VM: OpenJDK 64-Bit Server VM (11.0.11+9-b60-7590822, mixed mode, tiered, compressed oops, g1 gc, windows-amd64)
# No core dump will be written. Minidumps are not enabled by default on client versions of Windows
#

---------------  S U M M A R Y ------------

Command Line: --add-opens=java.base/java.util=ALL-UNNAMED --add-opens=java.base/java.lang=ALL-UNNAMED --add-opens=java.base/java.lang.invoke=ALL-UNNAMED --add-opens=java.base/java.util=ALL-UNNAMED --add-opens=java.prefs/java.util.prefs=ALL-UNNAMED --add-opens=java.prefs/java.util.prefs=ALL-UNNAMED --add-opens=java.base/java.nio.charset=ALL-UNNAMED --add-opens=java.base/java.net=ALL-UNNAMED --add-opens=java.base/java.util.concurrent.atomic=ALL-UNNAMED -Xmx2048m -Dfile.encoding=UTF-8 -Duser.country=IN -Duser.language=en -Duser.variant org.gradle.launcher.daemon.bootstrap.GradleDaemon 7.2

Host: Intel(R) Core(TM) i3-7020U CPU @ 2.30GHz, 4 cores, 3G,  Windows 10 , 64 bit Build 17763 (10.0.17763.475)
Time: Thu May 12 12:37:53 2022 India Standard Time elapsed time: 1897.421963 seconds (0d 0h 31m 37s)

---------------  T H R E A D  ---------------

Current thread (0x000002da7bd7a800):  JavaThread "C2 CompilerThread0" daemon [_thread_in_native, id=8896, stack(0x000000f2b5400000,0x000000f2b5500000)]


Current CompileTask:
C2:1897422 22298  s    4       org.gradle.internal.component.external.model.AbstractLazyModuleComponentResolveMetadata::getConfiguration (44 bytes)

Stack: [0x000000f2b5400000,0x000000f2b5500000]
Native frames: (J=compiled Java code, j=interpreted, Vv=VM code, C=native code)
V  [jvm.dll+0x5f214a]
V  [jvm.dll+0x726fb5]
V  [jvm.dll+0x7285cd]
V  [jvm.dll+0x728c83]
V  [jvm.dll+0x243278]
V  [jvm.dll+0xbc53c]
V  [jvm.dll+0xbca3c]
V  [jvm.dll+0x2b5c34]
V  [jvm.dll+0x508488]
V  [jvm.dll+0x1fd70e]
V  [jvm.dll+0x1fb35f]
V  [jvm.dll+0x183d6c]
V  [jvm.dll+0x209a57]
V  [jvm.dll+0x2082a1]
V  [jvm.dll+0x6ef58f]
V  [jvm.dll+0x6e80b5]
V  [jvm.dll+0x5f1036]
C  [ucrtbase.dll+0x2268a]
C  [KERNEL32.DLL+0x17974]
C  [ntdll.dll+0x5a0b1]


---------------  P R O C E S S  ---------------

Threads class SMR info:
_java_thread_list=0x000002da7e97e040, length=80, elements={
0x000002da61850000, 0x000002da7b3fc000, 0x000002da7b3fd000, 0x000002da7bd72800,
0x000002da7bd73800, 0x000002da7bd76800, 0x000002da7bd7a800, 0x000002da7b457000,
0x000002da7b45d000, 0x000002da7bed1800, 0x000002da7d3ad000, 0x000002da7d7fa000,
0x000002da7d24c800, 0x000002da7e284000, 0x000002da7e285800, 0x000002da7e284800,
0x000002da7c43d000, 0x000002da7c43e800, 0x000002da7c440000, 0x000002da7c441000,
0x000002da7c442000, 0x000002da7c446800, 0x000002da7c446000, 0x000002da7ec52800,
0x000002da7ec4e000, 0x000002da04fa4800, 0x000002da04fa6000, 0x000002da06ef3000,
0x000002da06ef0800, 0x000002da06ef1800, 0x000002da06ef2000, 0x000002da06eed000,
0x000002da06ef3800, 0x000002da06eee000, 0x000002da06ef4800, 0x000002da06eef000,
0x000002da06ef8800, 0x000002da06efa800, 0x000002da06ef8000, 0x000002da06ef9800,
0x000002da06ef7000, 0x000002da06ef6000, 0x000002da06efb000, 0x000002da06ef5800,
0x000002da06efc000, 0x000002da7ec45800, 0x000002da7ec49800, 0x000002da7ec4a800,
0x000002da7ec45000, 0x000002da7ec46800, 0x000002da7ec47800, 0x000002da7ec48000,
0x000002da7ec4b800, 0x000002da7ec4c000, 0x000002da7ec4d000, 0x000002da7ec4e800,
0x000002da7ec49000, 0x000002da7ec4f800, 0x000002da7ec53800, 0x000002da7ec50000,
0x000002da7ec51000, 0x000002da7ec52000, 0x000002da7c43d800, 0x000002da7c43f800,
0x000002da7c439800, 0x000002da7c445000, 0x000002da7c442800, 0x000002da7c447800,
0x000002da7c448800, 0x000002da7c443800, 0x000002da7cbf8800, 0x000002da7cbfb000,
0x000002da7cbf9800, 0x000002da7cbfc800, 0x000002da7cbfa000, 0x000002da7cbfc000,
0x000002da04fa4000, 0x000002da04fa7000, 0x000002da04fa8000, 0x000002da04fa9800
}

Java Threads: ( => current thread )
  0x000002da61850000 JavaThread "main" [_thread_blocked, id=8744, stack(0x000000f2b4800000,0x000000f2b4900000)]
  0x000002da7b3fc000 JavaThread "Reference Handler" daemon [_thread_blocked, id=4724, stack(0x000000f2b4f00000,0x000000f2b5000000)]
  0x000002da7b3fd000 JavaThread "Finalizer" daemon [_thread_blocked, id=5672, stack(0x000000f2b5000000,0x000000f2b5100000)]
  0x000002da7bd72800 JavaThread "Signal Dispatcher" daemon [_thread_blocked, id=3900, stack(0x000000f2b5100000,0x000000f2b5200000)]
  0x000002da7bd73800 JavaThread "Attach Listener" daemon [_thread_blocked, id=10180, stack(0x000000f2b5200000,0x000000f2b5300000)]
  0x000002da7bd76800 JavaThread "Service Thread" daemon [_thread_blocked, id=7704, stack(0x000000f2b5300000,0x000000f2b5400000)]
=>0x000002da7bd7a800 JavaThread "C2 CompilerThread0" daemon [_thread_in_native, id=8896, stack(0x000000f2b5400000,0x000000f2b5500000)]
  0x000002da7b457000 JavaThread "C1 CompilerThread0" daemon [_thread_blocked, id=6340, stack(0x000000f2b5500000,0x000000f2b5600000)]
  0x000002da7b45d000 JavaThread "Sweeper thread" daemon [_thread_blocked, id=1976, stack(0x000000f2b5600000,0x000000f2b5700000)]
  0x000002da7bed1800 JavaThread "Common-Cleaner" daemon [_thread_blocked, id=3864, stack(0x000000f2b5700000,0x000000f2b5800000)]
  0x000002da7d3ad000 JavaThread "Daemon health stats" [_thread_blocked, id=10232, stack(0x000000f2b5a00000,0x000000f2b5b00000)]
  0x000002da7d7fa000 JavaThread "Incoming local TCP Connector on port 49733" [_thread_in_native, id=7244, stack(0x000000f2b5b00000,0x000000f2b5c00000)]
  0x000002da7d24c800 JavaThread "Daemon periodic checks" [_thread_blocked, id=8576, stack(0x000000f2b5c00000,0x000000f2b5d00000)]
  0x000002da7e284000 JavaThread "Cache worker for journal cache (C:\Users\91892\.gradle\caches\journal-1)" [_thread_blocked, id=4788, stack(0x000000f2b6600000,0x000000f2b6700000)]
  0x000002da7e285800 JavaThread "File lock request listener" [_thread_in_native, id=10028, stack(0x000000f2b6700000,0x000000f2b6800000)]
  0x000002da7e284800 JavaThread "Cache worker for file hash cache (C:\Users\91892\.gradle\caches\7.2\fileHashes)" [_thread_blocked, id=10284, stack(0x000000f2b6800000,0x000000f2b6900000)]
  0x000002da7c43d000 JavaThread "File watcher server" daemon [_thread_in_native, id=10196, stack(0x000000f2b6a00000,0x000000f2b6b00000)]
  0x000002da7c43e800 JavaThread "File watcher consumer" daemon [_thread_blocked, id=10308, stack(0x000000f2b6b00000,0x000000f2b6c00000)]
  0x000002da7c440000 JavaThread "Cache worker for execution history cache (C:\Users\91892\.gradle\caches\7.2\executionHistory)" [_thread_blocked, id=956, stack(0x000000f2b6f00000,0x000000f2b7000000)]
  0x000002da7c441000 JavaThread "jar transforms" [_thread_blocked, id=6236, stack(0x000000f2b7000000,0x000000f2b7100000)]
  0x000002da7c442000 JavaThread "Cache worker for file content cache (C:\Users\91892\.gradle\caches\7.2\fileContent)" [_thread_blocked, id=872, stack(0x000000f2b7100000,0x000000f2b7200000)]
  0x000002da7c446800 JavaThread "jar transforms Thread 2" [_thread_blocked, id=1604, stack(0x000000f2b7200000,0x000000f2b7300000)]
  0x000002da7c446000 JavaThread "jar transforms Thread 3" [_thread_blocked, id=6468, stack(0x000000f2b7400000,0x000000f2b7500000)]
  0x000002da7ec52800 JavaThread "jar transforms Thread 4" [_thread_blocked, id=3408, stack(0x000000f2b9e00000,0x000000f2b9f00000)]
  0x000002da7ec4e000 JavaThread "Memory manager" [_thread_blocked, id=10356, stack(0x000000f2b9f00000,0x000000f2ba000000)]
  0x000002da04fa4800 JavaThread "Cache worker for Java compile cache (C:\Users\91892\.gradle\caches\7.2\javaCompile)" [_thread_blocked, id=6372, stack(0x000000f2bae00000,0x000000f2baf00000)]
  0x000002da04fa6000 JavaThread "ForkJoinPool.commonPool-worker-1" daemon [_thread_blocked, id=8740, stack(0x000000f2bab00000,0x000000f2bac00000)]
  0x000002da06ef3000 JavaThread "Daemon Thread 7" [_thread_blocked, id=3624, stack(0x000000f2b4500000,0x000000f2b4600000)]
  0x000002da06ef0800 JavaThread "Handler for socket connection from /127.0.0.1:49733 to /127.0.0.1:49922" [_thread_in_native, id=6240, stack(0x000000f2b4600000,0x000000f2b4700000)]
  0x000002da06ef1800 JavaThread "Cancel handler" [_thread_blocked, id=2992, stack(0x000000f2b4700000,0x000000f2b4800000)]
  0x000002da06ef2000 JavaThread "Daemon worker Thread 7" [_thread_blocked, id=9736, stack(0x000000f2b5d00000,0x000000f2b5e00000)]
  0x000002da06eed000 JavaThread "Asynchronous log dispatcher for DefaultDaemonConnection: socket connection from /127.0.0.1:49733 to /127.0.0.1:49922" [_thread_blocked, id=4848, stack(0x000000f2b5e00000,0x000000f2b5f00000)]
  0x000002da06ef3800 JavaThread "Stdin handler" [_thread_blocked, id=2520, stack(0x000000f2b5f00000,0x000000f2b6000000)]
  0x000002da06eee000 JavaThread "Daemon client event forwarder" [_thread_blocked, id=7084, stack(0x000000f2b6000000,0x000000f2b6100000)]
  0x000002da06ef4800 JavaThread "Cache worker for file hash cache (C:\Users\91892\AndroidStudioProjects\GovScheme\.gradle\7.2\fileHashes)" [_thread_blocked, id=7132, stack(0x000000f2b6100000,0x000000f2b6200000)]
  0x000002da06eef000 JavaThread "Cache worker for checksums cache (C:\Users\91892\AndroidStudioProjects\GovScheme\.gradle\checksums)" [_thread_blocked, id=10148, stack(0x000000f2b6200000,0x000000f2b6300000)]
  0x000002da06ef8800 JavaThread "Cache worker for cache directory md-supplier (C:\Users\91892\.gradle\caches\7.2\md-supplier)" [_thread_blocked, id=8612, stack(0x000000f2b6300000,0x000000f2b6400000)]
  0x000002da06efa800 JavaThread "Cache worker for cache directory md-rule (C:\Users\91892\.gradle\caches\7.2\md-rule)" [_thread_blocked, id=10980, stack(0x000000f2b6900000,0x000000f2b6a00000)]
  0x000002da06ef8000 JavaThread "Cache worker for dependencies-accessors (C:\Users\91892\AndroidStudioProjects\GovScheme\.gradle\7.2\dependencies-accessors)" [_thread_blocked, id=9672, stack(0x000000f2b6c00000,0x000000f2b6d00000)]
  0x000002da06ef9800 JavaThread "Cache worker for Build Output Cleanup Cache (C:\Users\91892\AndroidStudioProjects\GovScheme\.gradle\buildOutputCleanup)" [_thread_blocked, id=4428, stack(0x000000f2b6d00000,0x000000f2b6e00000)]
  0x000002da06ef7000 JavaThread "Unconstrained build operations" [_thread_blocked, id=4248, stack(0x000000f2b6e00000,0x000000f2b6f00000)]
  0x000002da06ef6000 JavaThread "Unconstrained build operations Thread 2" [_thread_in_native, id=10052, stack(0x000000f2b7300000,0x000000f2b7400000)]
  0x000002da06efb000 JavaThread "Unconstrained build operations Thread 3" [_thread_blocked, id=68, stack(0x000000f2b7500000,0x000000f2b7600000)]
  0x000002da06ef5800 JavaThread "Unconstrained build operations Thread 4" [_thread_blocked, id=3716, stack(0x000000f2b7600000,0x000000f2b7700000)]
  0x000002da06efc000 JavaThread "Unconstrained build operations Thread 5" [_thread_blocked, id=9364, stack(0x000000f2b7700000,0x000000f2b7800000)]
  0x000002da7ec45800 JavaThread "Unconstrained build operations Thread 6" [_thread_blocked, id=6756, stack(0x000000f2b7800000,0x000000f2b7900000)]
  0x000002da7ec49800 JavaThread "Unconstrained build operations Thread 7" [_thread_blocked, id=6940, stack(0x000000f2b7900000,0x000000f2b7a00000)]
  0x000002da7ec4a800 JavaThread "Unconstrained build operations Thread 8" [_thread_blocked, id=10492, stack(0x000000f2b7a00000,0x000000f2b7b00000)]
  0x000002da7ec45000 JavaThread "Unconstrained build operations Thread 9" [_thread_blocked, id=4004, stack(0x000000f2b7b00000,0x000000f2b7c00000)]
  0x000002da7ec46800 JavaThread "Unconstrained build operations Thread 10" [_thread_blocked, id=3268, stack(0x000000f2b7c00000,0x000000f2b7d00000)]
  0x000002da7ec47800 JavaThread "Unconstrained build operations Thread 11" [_thread_blocked, id=5872, stack(0x000000f2b7d00000,0x000000f2b7e00000)]
  0x000002da7ec48000 JavaThread "Unconstrained build operations Thread 12" [_thread_blocked, id=7352, stack(0x000000f2b7e00000,0x000000f2b7f00000)]
  0x000002da7ec4b800 JavaThread "Unconstrained build operations Thread 13" [_thread_blocked, id=8596, stack(0x000000f2b7f00000,0x000000f2b8000000)]
  0x000002da7ec4c000 JavaThread "Unconstrained build operations Thread 14" [_thread_blocked, id=3560, stack(0x000000f2b8000000,0x000000f2b8100000)]
  0x000002da7ec4d000 JavaThread "Unconstrained build operations Thread 15" [_thread_blocked, id=2256, stack(0x000000f2b8100000,0x000000f2b8200000)]
  0x000002da7ec4e800 JavaThread "Unconstrained build operations Thread 16" [_thread_blocked, id=10092, stack(0x000000f2b8200000,0x000000f2b8300000)]
  0x000002da7ec49000 JavaThread "Unconstrained build operations Thread 17" [_thread_blocked, id=10556, stack(0x000000f2b8300000,0x000000f2b8400000)]
  0x000002da7ec4f800 JavaThread "Unconstrained build operations Thread 18" [_thread_blocked, id=240, stack(0x000000f2b8400000,0x000000f2b8500000)]
  0x000002da7ec53800 JavaThread "Unconstrained build operations Thread 19" [_thread_blocked, id=3604, stack(0x000000f2b8500000,0x000000f2b8600000)]
  0x000002da7ec50000 JavaThread "Unconstrained build operations Thread 20" [_thread_blocked, id=1872, stack(0x000000f2b8600000,0x000000f2b8700000)]
  0x000002da7ec51000 JavaThread "Unconstrained build operations Thread 21" [_thread_blocked, id=1928, stack(0x000000f2b8700000,0x000000f2b8800000)]
  0x000002da7ec52000 JavaThread "Unconstrained build operations Thread 22" [_thread_blocked, id=1420, stack(0x000000f2b8800000,0x000000f2b8900000)]
  0x000002da7c43d800 JavaThread "Unconstrained build operations Thread 23" [_thread_blocked, id=6332, stack(0x000000f2b8900000,0x000000f2b8a00000)]
  0x000002da7c43f800 JavaThread "Unconstrained build operations Thread 24" [_thread_blocked, id=832, stack(0x000000f2b8a00000,0x000000f2b8b00000)]
  0x000002da7c439800 JavaThread "Unconstrained build operations Thread 25" [_thread_blocked, id=10988, stack(0x000000f2b8b00000,0x000000f2b8c00000)]
  0x000002da7c445000 JavaThread "Unconstrained build operations Thread 26" [_thread_blocked, id=9776, stack(0x000000f2b8c00000,0x000000f2b8d00000)]
  0x000002da7c442800 JavaThread "Unconstrained build operations Thread 27" [_thread_blocked, id=1680, stack(0x000000f2b8d00000,0x000000f2b8e00000)]
  0x000002da7c447800 JavaThread "Unconstrained build operations Thread 28" [_thread_blocked, id=5960, stack(0x000000f2b8e00000,0x000000f2b8f00000)]
  0x000002da7c448800 JavaThread "Unconstrained build operations Thread 29" [_thread_blocked, id=6028, stack(0x000000f2b8f00000,0x000000f2b9000000)]
  0x000002da7c443800 JavaThread "Unconstrained build operations Thread 30" [_thread_blocked, id=2284, stack(0x000000f2b9000000,0x000000f2b9100000)]
  0x000002da7cbf8800 JavaThread "Unconstrained build operations Thread 31" [_thread_blocked, id=6952, stack(0x000000f2b9100000,0x000000f2b9200000)]
  0x000002da7cbfb000 JavaThread "Unconstrained build operations Thread 32" [_thread_blocked, id=3296, stack(0x000000f2b9200000,0x000000f2b9300000)]
  0x000002da7cbf9800 JavaThread "Unconstrained build operations Thread 33" [_thread_blocked, id=8252, stack(0x000000f2b9300000,0x000000f2b9400000)]
  0x000002da7cbfc800 JavaThread "Unconstrained build operations Thread 34" [_thread_blocked, id=7776, stack(0x000000f2b9400000,0x000000f2b9500000)]
  0x000002da7cbfa000 JavaThread "Unconstrained build operations Thread 35" [_thread_blocked, id=7600, stack(0x000000f2b9500000,0x000000f2b9600000)]
  0x000002da7cbfc000 JavaThread "Unconstrained build operations Thread 36" [_thread_blocked, id=11068, stack(0x000000f2b9600000,0x000000f2b9700000)]
  0x000002da04fa4000 JavaThread "Unconstrained build operations Thread 37" [_thread_blocked, id=5132, stack(0x000000f2b9700000,0x000000f2b9800000)]
  0x000002da04fa7000 JavaThread "Unconstrained build operations Thread 38" [_thread_blocked, id=1892, stack(0x000000f2b9800000,0x000000f2b9900000)]
  0x000002da04fa8000 JavaThread "Unconstrained build operations Thread 39" [_thread_blocked, id=1968, stack(0x000000f2b9900000,0x000000f2b9a00000)]
  0x000002da04fa9800 JavaThread "Unconstrained build operations Thread 40" [_thread_blocked, id=1064, stack(0x000000f2b9a00000,0x000000f2b9b00000)]

Other Threads:
  0x000002da7b3f9000 VMThread "VM Thread" [stack: 0x000000f2b4e00000,0x000000f2b4f00000] [id=3644]
  0x000002da7bf0f000 WatcherThread [stack: 0x000000f2b5800000,0x000000f2b5900000] [id=5028]
  0x000002da61869800 GCTaskThread "GC Thread#0" [stack: 0x000000f2b4900000,0x000000f2b4a00000] [id=1356]
  0x000002da7c2a9000 GCTaskThread "GC Thread#1" [stack: 0x000000f2b5900000,0x000000f2b5a00000] [id=2620]
  0x000002da7d4d2800 GCTaskThread "GC Thread#2" [stack: 0x000000f2b6400000,0x000000f2b6500000] [id=4456]
  0x000002da7cd11000 GCTaskThread "GC Thread#3" [stack: 0x000000f2b6500000,0x000000f2b6600000] [id=8280]
  0x000002da6189a000 ConcurrentGCThread "G1 Main Marker" [stack: 0x000000f2b4a00000,0x000000f2b4b00000] [id=5220]
  0x000002da6189d000 ConcurrentGCThread "G1 Conc#0" [stack: 0x000000f2b4b00000,0x000000f2b4c00000] [id=6560]
  0x000002da618f7000 ConcurrentGCThread "G1 Refine#0" [stack: 0x000000f2b4c00000,0x000000f2b4d00000] [id=7640]
  0x000002da618f8000 ConcurrentGCThread "G1 Young RemSet Sampling" [stack: 0x000000f2b4d00000,0x000000f2b4e00000] [id=10020]

Threads with active compile tasks:
C2 CompilerThread01897553 22298  s    4       org.gradle.internal.component.external.model.AbstractLazyModuleComponentResolveMetadata::getConfiguration (44 bytes)

VM state:not at safepoint (normal execution)

VM Mutex/Monitor currently owned by a thread: None

Heap address: 0x0000000080000000, size: 2048 MB, Compressed Oops mode: 32-bit
Narrow klass base: 0x0000000000000000, Narrow klass shift: 3
Compressed class space size: 1073741824 Address: 0x0000000100000000

Heap:
 garbage-first heap   total 165888K, used 134116K [0x0000000080000000, 0x0000000100000000)
  region size 1024K, 21 young (21504K), 1 survivors (1024K)
 Metaspace       used 118374K, capacity 121757K, committed 121900K, reserved 1155072K
  class space    used 14912K, capacity 16177K, committed 16256K, reserved 1048576K
Heap Regions: E=young(eden), S=young(survivor), O=old, HS=humongous(starts), HC=humongous(continues), CS=collection set, F=free, A=archive, TAMS=top-at-mark-start (previous, next)
|   0|0x0000000080000000, 0x00000000800ffff8, 0x0000000080100000| 99%| O|  |TAMS 0x00000000800ffff8, 0x0000000080000000| Untracked 
|   1|0x0000000080100000, 0x00000000801fffd8, 0x0000000080200000| 99%| O|  |TAMS 0x00000000801fffd8, 0x0000000080100000| Untracked 
|   2|0x0000000080200000, 0x00000000802fffb0, 0x0000000080300000| 99%| O|  |TAMS 0x00000000802fffb0, 0x0000000080200000| Untracked 
|   3|0x0000000080300000, 0x0000000080400000, 0x0000000080400000|100%|HS|  |TAMS 0x0000000080400000, 0x0000000080300000| Complete 
|   4|0x0000000080400000, 0x0000000080500000, 0x0000000080500000|100%|HC|  |TAMS 0x0000000080500000, 0x0000000080400000| Complete 
|   5|0x0000000080500000, 0x0000000080600000, 0x0000000080600000|100%|HC|  |TAMS 0x0000000080600000, 0x0000000080500000| Complete 
|   6|0x0000000080600000, 0x00000000806f50f8, 0x0000000080700000| 95%| O|  |TAMS 0x00000000806f50f8, 0x0000000080600000| Untracked 
|   7|0x0000000080700000, 0x0000000080800000, 0x0000000080800000|100%| O|  |TAMS 0x0000000080800000, 0x0000000080700000| Untracked 
|   8|0x0000000080800000, 0x00000000808ffff8, 0x0000000080900000| 99%| O|  |TAMS 0x00000000808ffff8, 0x0000000080800000| Untracked 
|   9|0x0000000080900000, 0x00000000809fa010, 0x0000000080a00000| 97%| O|  |TAMS 0x00000000809fa010, 0x0000000080900000| Untracked 
|  10|0x0000000080a00000, 0x0000000080afdfc8, 0x0000000080b00000| 99%| O|  |TAMS 0x0000000080afdfc8, 0x0000000080a00000| Untracked 
|  11|0x0000000080b00000, 0x0000000080bfffc0, 0x0000000080c00000| 99%| O|  |TAMS 0x0000000080bfffc0, 0x0000000080b00000| Untracked 
|  12|0x0000000080c00000, 0x0000000080cfe400, 0x0000000080d00000| 99%| O|  |TAMS 0x0000000080cfe400, 0x0000000080c00000| Untracked 
|  13|0x0000000080d00000, 0x0000000080dffff0, 0x0000000080e00000| 99%| O|  |TAMS 0x0000000080dffff0, 0x0000000080d00000| Untracked 
|  14|0x0000000080e00000, 0x0000000080efffd0, 0x0000000080f00000| 99%| O|  |TAMS 0x0000000080efffd0, 0x0000000080e00000| Untracked 
|  15|0x0000000080f00000, 0x0000000080ffffe8, 0x0000000081000000| 99%| O|  |TAMS 0x0000000080ffffe8, 0x0000000080f00000| Untracked 
|  16|0x0000000081000000, 0x00000000810ffff0, 0x0000000081100000| 99%| O|  |TAMS 0x00000000810ffff0, 0x0000000081000000| Untracked 
|  17|0x0000000081100000, 0x0000000081200000, 0x0000000081200000|100%| O|  |TAMS 0x0000000081200000, 0x0000000081100000| Untracked 
|  18|0x0000000081200000, 0x00000000812ffb00, 0x0000000081300000| 99%| O|  |TAMS 0x00000000812ffb00, 0x0000000081200000| Untracked 
|  19|0x0000000081300000, 0x0000000081400000, 0x0000000081400000|100%| O|  |TAMS 0x0000000081400000, 0x0000000081300000| Untracked 
|  20|0x0000000081400000, 0x00000000814fffb8, 0x0000000081500000| 99%| O|  |TAMS 0x00000000814fffb8, 0x0000000081400000| Untracked 
|  21|0x0000000081500000, 0x0000000081600000, 0x0000000081600000|100%| O|  |TAMS 0x0000000081600000, 0x0000000081500000| Untracked 
|  22|0x0000000081600000, 0x00000000816fffd0, 0x0000000081700000| 99%| O|  |TAMS 0x00000000816fffd0, 0x0000000081600000| Untracked 
|  23|0x0000000081700000, 0x00000000817ffff8, 0x0000000081800000| 99%| O|  |TAMS 0x00000000817ffff8, 0x0000000081700000| Untracked 
|  24|0x0000000081800000, 0x0000000081900000, 0x0000000081900000|100%| O|  |TAMS 0x0000000081900000, 0x0000000081800000| Complete 
|  25|0x0000000081900000, 0x00000000819fffe0, 0x0000000081a00000| 99%| O|  |TAMS 0x00000000819fffe0, 0x0000000081900000| Untracked 
|  26|0x0000000081a00000, 0x0000000081afffc8, 0x0000000081b00000| 99%| O|  |TAMS 0x0000000081afffc8, 0x0000000081a00000| Untracked 
|  27|0x0000000081b00000, 0x0000000081bfbc28, 0x0000000081c00000| 98%| O|  |TAMS 0x0000000081bfbc28, 0x0000000081b00000| Untracked 
|  28|0x0000000081c00000, 0x0000000081cfffd8, 0x0000000081d00000| 99%| O|  |TAMS 0x0000000081cfffd8, 0x0000000081c00000| Untracked 
|  29|0x0000000081d00000, 0x0000000081e00000, 0x0000000081e00000|100%|HS|  |TAMS 0x0000000081e00000, 0x0000000081d00000| Complete 
|  30|0x0000000081e00000, 0x0000000081f00000, 0x0000000081f00000|100%|HS|  |TAMS 0x0000000081f00000, 0x0000000081e00000| Complete 
|  31|0x0000000081f00000, 0x0000000082000000, 0x0000000082000000|100%|HS|  |TAMS 0x0000000082000000, 0x0000000081f00000| Complete 
|  32|0x0000000082000000, 0x0000000082100000, 0x0000000082100000|100%|HS|  |TAMS 0x0000000082100000, 0x0000000082000000| Complete 
|  33|0x0000000082100000, 0x0000000082200000, 0x0000000082200000|100%|HC|  |TAMS 0x0000000082200000, 0x0000000082100000| Complete 
|  34|0x0000000082200000, 0x00000000822fa980, 0x0000000082300000| 97%| O|  |TAMS 0x00000000822fa980, 0x0000000082200000| Untracked 
|  35|0x0000000082300000, 0x00000000823ffff8, 0x0000000082400000| 99%| O|  |TAMS 0x00000000823ffff8, 0x0000000082300000| Untracked 
|  36|0x0000000082400000, 0x0000000082500000, 0x0000000082500000|100%| O|  |TAMS 0x0000000082500000, 0x0000000082400000| Untracked 
|  37|0x0000000082500000, 0x00000000825ed360, 0x0000000082600000| 92%| O|  |TAMS 0x00000000825ed360, 0x0000000082500000| Complete 
|  38|0x0000000082600000, 0x00000000826ffff8, 0x0000000082700000| 99%| O|  |TAMS 0x00000000826ffff8, 0x0000000082600000| Untracked 
|  39|0x0000000082700000, 0x00000000827ffff0, 0x0000000082800000| 99%| O|  |TAMS 0x00000000827ffff0, 0x0000000082700000| Untracked 
|  40|0x0000000082800000, 0x00000000828fffc0, 0x0000000082900000| 99%| O|  |TAMS 0x00000000828fffc0, 0x0000000082800000| Untracked 
|  41|0x0000000082900000, 0x00000000829fffe0, 0x0000000082a00000| 99%| O|  |TAMS 0x00000000829fffe0, 0x0000000082900000| Untracked 
|  42|0x0000000082a00000, 0x0000000082afff88, 0x0000000082b00000| 99%| O|  |TAMS 0x0000000082afff88, 0x0000000082a00000| Untracked 
|  43|0x0000000082b00000, 0x0000000082bfffa0, 0x0000000082c00000| 99%| O|  |TAMS 0x0000000082bfffa0, 0x0000000082b00000| Untracked 
|  44|0x0000000082c00000, 0x0000000082cfffd8, 0x0000000082d00000| 99%| O|  |TAMS 0x0000000082cfffd8, 0x0000000082c00000| Untracked 
|  45|0x0000000082d00000, 0x0000000082dffff8, 0x0000000082e00000| 99%| O|  |TAMS 0x0000000082dffff8, 0x0000000082d00000| Untracked 
|  46|0x0000000082e00000, 0x0000000082f00000, 0x0000000082f00000|100%| O|  |TAMS 0x0000000082f00000, 0x0000000082e00000| Untracked 
|  47|0x0000000082f00000, 0x0000000083000000, 0x0000000083000000|100%| O|  |TAMS 0x0000000083000000, 0x0000000082f00000| Untracked 
|  48|0x0000000083000000, 0x00000000830fffa8, 0x0000000083100000| 99%| O|  |TAMS 0x00000000830fffa8, 0x0000000083000000| Complete 
|  49|0x0000000083100000, 0x00000000831fffc8, 0x0000000083200000| 99%| O|  |TAMS 0x00000000831fffc8, 0x0000000083100000| Untracked 
|  50|0x0000000083200000, 0x0000000083300000, 0x0000000083300000|100%| O|  |TAMS 0x0000000083300000, 0x0000000083200000| Complete 
|  51|0x0000000083300000, 0x00000000833fffa8, 0x0000000083400000| 99%| O|  |TAMS 0x00000000833fffa8, 0x0000000083300000| Complete 
|  52|0x0000000083400000, 0x00000000834ffff0, 0x0000000083500000| 99%| O|  |TAMS 0x00000000834ffff0, 0x0000000083400000| Untracked 
|  53|0x0000000083500000, 0x00000000835ffff8, 0x0000000083600000| 99%| O|  |TAMS 0x00000000835ffff8, 0x0000000083500000| Complete 
|  54|0x0000000083600000, 0x00000000836ffff8, 0x0000000083700000| 99%| O|  |TAMS 0x00000000836ffff8, 0x0000000083600000| Complete 
|  55|0x0000000083700000, 0x00000000837fff88, 0x0000000083800000| 99%| O|  |TAMS 0x00000000837fff88, 0x0000000083700000| Complete 
|  56|0x0000000083800000, 0x00000000838fffa8, 0x0000000083900000| 99%| O|  |TAMS 0x00000000838fffa8, 0x0000000083800000| Untracked 
|  57|0x0000000083900000, 0x00000000839fffd8, 0x0000000083a00000| 99%| O|  |TAMS 0x00000000839fffd8, 0x0000000083900000| Complete 
|  58|0x0000000083a00000, 0x0000000083affff0, 0x0000000083b00000| 99%| O|  |TAMS 0x0000000083affff0, 0x0000000083a00000| Complete 
|  59|0x0000000083b00000, 0x0000000083c00000, 0x0000000083c00000|100%| O|  |TAMS 0x0000000083c00000, 0x0000000083b00000| Complete 
|  60|0x0000000083c00000, 0x0000000083d00000, 0x0000000083d00000|100%| O|  |TAMS 0x0000000083d00000, 0x0000000083c00000| Untracked 
|  61|0x0000000083d00000, 0x0000000083e00000, 0x0000000083e00000|100%| O|  |TAMS 0x0000000083e00000, 0x0000000083d00000| Untracked 
|  62|0x0000000083e00000, 0x0000000083efffa8, 0x0000000083f00000| 99%| O|  |TAMS 0x0000000083efffa8, 0x0000000083e00000| Untracked 
|  63|0x0000000083f00000, 0x0000000084000000, 0x0000000084000000|100%| O|  |TAMS 0x0000000084000000, 0x0000000083f00000| Complete 
|  64|0x0000000084000000, 0x00000000840ffff0, 0x0000000084100000| 99%| O|  |TAMS 0x00000000840ffff0, 0x0000000084000000| Untracked 
|  65|0x0000000084100000, 0x00000000841ffff8, 0x0000000084200000| 99%| O|  |TAMS 0x00000000841ffff8, 0x0000000084100000| Untracked 
|  66|0x0000000084200000, 0x00000000842ffff8, 0x0000000084300000| 99%| O|  |TAMS 0x00000000842ffff8, 0x0000000084200000| Complete 
|  67|0x0000000084300000, 0x00000000843ffff0, 0x0000000084400000| 99%| O|  |TAMS 0x00000000843ffff0, 0x0000000084300000| Untracked 
|  68|0x0000000084400000, 0x00000000844ffff0, 0x0000000084500000| 99%| O|  |TAMS 0x00000000844ffff0, 0x0000000084400000| Complete 
|  69|0x0000000084500000, 0x00000000845ffff0, 0x0000000084600000| 99%| O|  |TAMS 0x00000000845ffff0, 0x0000000084500000| Untracked 
|  70|0x0000000084600000, 0x00000000846fffd0, 0x0000000084700000| 99%| O|  |TAMS 0x00000000846fffd0, 0x0000000084600000| Complete 
|  71|0x0000000084700000, 0x00000000847ffff0, 0x0000000084800000| 99%| O|  |TAMS 0x00000000847ffff0, 0x0000000084700000| Untracked 
|  72|0x0000000084800000, 0x0000000084900000, 0x0000000084900000|100%| O|  |TAMS 0x0000000084900000, 0x0000000084800000| Complete 
|  73|0x0000000084900000, 0x0000000084a00000, 0x0000000084a00000|100%| O|  |TAMS 0x0000000084a00000, 0x0000000084900000| Complete 
|  74|0x0000000084a00000, 0x0000000084b00000, 0x0000000084b00000|100%| O|  |TAMS 0x0000000084a00000, 0x0000000084a00000| Untracked 
|  75|0x0000000084b00000, 0x0000000084c00000, 0x0000000084c00000|100%| O|  |TAMS 0x0000000084c00000, 0x0000000084b00000| Untracked 
|  76|0x0000000084c00000, 0x0000000084d00000, 0x0000000084d00000|100%| O|  |TAMS 0x0000000084d00000, 0x0000000084c00000| Complete 
|  77|0x0000000084d00000, 0x0000000084de4d78, 0x0000000084e00000| 89%| O|  |TAMS 0x0000000084de4d78, 0x0000000084d00000| Complete 
|  78|0x0000000084e00000, 0x0000000084f00000, 0x0000000084f00000|100%| O|  |TAMS 0x0000000084f00000, 0x0000000084e00000| Complete 
|  79|0x0000000084f00000, 0x0000000085000000, 0x0000000085000000|100%| O|  |TAMS 0x0000000085000000, 0x0000000084f00000| Complete 
|  80|0x0000000085000000, 0x0000000085099bd0, 0x0000000085100000| 60%| O|  |TAMS 0x0000000085099bd0, 0x0000000085000000| Complete 
|  81|0x0000000085100000, 0x0000000085200000, 0x0000000085200000|100%| O|  |TAMS 0x0000000085200000, 0x0000000085100000| Complete 
|  82|0x0000000085200000, 0x0000000085300000, 0x0000000085300000|100%| O|  |TAMS 0x0000000085300000, 0x0000000085200000| Complete 
|  83|0x0000000085300000, 0x0000000085400000, 0x0000000085400000|100%| O|  |TAMS 0x0000000085400000, 0x0000000085300000| Complete 
|  84|0x0000000085400000, 0x0000000085500000, 0x0000000085500000|100%| O|  |TAMS 0x0000000085500000, 0x0000000085400000| Complete 
|  85|0x0000000085500000, 0x0000000085600000, 0x0000000085600000|100%|HS|  |TAMS 0x0000000085600000, 0x0000000085500000| Complete 
|  86|0x0000000085600000, 0x0000000085700000, 0x0000000085700000|100%|HC|  |TAMS 0x0000000085700000, 0x0000000085600000| Complete 
|  87|0x0000000085700000, 0x0000000085800000, 0x0000000085800000|100%| O|  |TAMS 0x0000000085800000, 0x0000000085700000| Untracked 
|  88|0x0000000085800000, 0x0000000085900000, 0x0000000085900000|100%|HS|  |TAMS 0x0000000085800000, 0x0000000085800000| Complete 
|  89|0x0000000085900000, 0x0000000085a00000, 0x0000000085a00000|100%| O|  |TAMS 0x0000000085a00000, 0x0000000085900000| Untracked 
|  90|0x0000000085a00000, 0x0000000085b00000, 0x0000000085b00000|100%|HS|  |TAMS 0x0000000085a00000, 0x0000000085a00000| Complete 
|  91|0x0000000085b00000, 0x0000000085c00000, 0x0000000085c00000|100%|HC|  |TAMS 0x0000000085b00000, 0x0000000085b00000| Complete 
|  92|0x0000000085c00000, 0x0000000085d00000, 0x0000000085d00000|100%| O|  |TAMS 0x0000000085c00000, 0x0000000085c00000| Untracked 
|  93|0x0000000085d00000, 0x0000000085e00000, 0x0000000085e00000|100%| O|  |TAMS 0x0000000085e00000, 0x0000000085d00000| Complete 
|  94|0x0000000085e00000, 0x0000000085f00000, 0x0000000085f00000|100%| O|  |TAMS 0x0000000085f00000, 0x0000000085e00000| Complete 
|  95|0x0000000085f00000, 0x0000000086000000, 0x0000000086000000|100%| O|  |TAMS 0x0000000086000000, 0x0000000085f00000| Untracked 
|  96|0x0000000086000000, 0x0000000086100000, 0x0000000086100000|100%| O|  |TAMS 0x0000000086100000, 0x0000000086000000| Complete 
|  97|0x0000000086100000, 0x0000000086200000, 0x0000000086200000|100%| O|  |TAMS 0x0000000086200000, 0x0000000086100000| Complete 
|  98|0x0000000086200000, 0x0000000086300000, 0x0000000086300000|100%| O|  |TAMS 0x0000000086300000, 0x0000000086200000| Complete 
|  99|0x0000000086300000, 0x0000000086400000, 0x0000000086400000|100%| O|  |TAMS 0x0000000086300000, 0x0000000086300000| Untracked 
| 100|0x0000000086400000, 0x0000000086500000, 0x0000000086500000|100%| O|  |TAMS 0x0000000086500000, 0x0000000086400000| Complete 
| 101|0x0000000086500000, 0x0000000086600000, 0x0000000086600000|100%| O|  |TAMS 0x0000000086600000, 0x0000000086500000| Complete 
| 102|0x0000000086600000, 0x0000000086700000, 0x0000000086700000|100%| O|  |TAMS 0x0000000086700000, 0x0000000086600000| Complete 
| 103|0x0000000086700000, 0x0000000086800000, 0x0000000086800000|100%| O|  |TAMS 0x0000000086800000, 0x0000000086700000| Complete 
| 104|0x0000000086800000, 0x0000000086900000, 0x0000000086900000|100%| O|  |TAMS 0x0000000086900000, 0x0000000086800000| Complete 
| 105|0x0000000086900000, 0x0000000086a00000, 0x0000000086a00000|100%| O|  |TAMS 0x0000000086a00000, 0x0000000086900000| Complete 
| 106|0x0000000086a00000, 0x0000000086b00000, 0x0000000086b00000|100%| O|  |TAMS 0x0000000086b00000, 0x0000000086a00000| Complete 
| 107|0x0000000086b00000, 0x0000000086bfea00, 0x0000000086c00000| 99%| O|  |TAMS 0x0000000086b00000, 0x0000000086b00000| Untracked 
| 108|0x0000000086c00000, 0x0000000086d00000, 0x0000000086d00000|100%|HS|  |TAMS 0x0000000086c00000, 0x0000000086c00000| Complete 
| 109|0x0000000086d00000, 0x0000000086e00000, 0x0000000086e00000|100%|HC|  |TAMS 0x0000000086d00000, 0x0000000086d00000| Complete 
| 110|0x0000000086e00000, 0x0000000086f00000, 0x0000000086f00000|100%|HS|  |TAMS 0x0000000086e00000, 0x0000000086e00000| Complete 
| 111|0x0000000086f00000, 0x0000000087000000, 0x0000000087000000|100%|HC|  |TAMS 0x0000000086f00000, 0x0000000086f00000| Complete 
| 112|0x0000000087000000, 0x0000000087000000, 0x0000000087100000|  0%| F|  |TAMS 0x0000000087000000, 0x0000000087000000| Untracked 
| 113|0x0000000087100000, 0x0000000087100000, 0x0000000087200000|  0%| F|  |TAMS 0x0000000087100000, 0x0000000087100000| Untracked 
| 114|0x0000000087200000, 0x0000000087200000, 0x0000000087300000|  0%| F|  |TAMS 0x0000000087200000, 0x0000000087200000| Untracked 
| 115|0x0000000087300000, 0x0000000087300000, 0x0000000087400000|  0%| F|  |TAMS 0x0000000087300000, 0x0000000087300000| Untracked 
| 116|0x0000000087400000, 0x0000000087400000, 0x0000000087500000|  0%| F|  |TAMS 0x0000000087400000, 0x0000000087400000| Untracked 
| 117|0x0000000087500000, 0x0000000087500000, 0x0000000087600000|  0%| F|  |TAMS 0x0000000087500000, 0x0000000087500000| Untracked 
| 118|0x0000000087600000, 0x0000000087600000, 0x0000000087700000|  0%| F|  |TAMS 0x0000000087600000, 0x0000000087600000| Untracked 
| 119|0x0000000087700000, 0x0000000087700000, 0x0000000087800000|  0%| F|  |TAMS 0x0000000087700000, 0x0000000087700000| Untracked 
| 120|0x0000000087800000, 0x0000000087800000, 0x0000000087900000|  0%| F|  |TAMS 0x0000000087800000, 0x0000000087800000| Untracked 
| 121|0x0000000087900000, 0x0000000087900000, 0x0000000087a00000|  0%| F|  |TAMS 0x0000000087900000, 0x0000000087900000| Untracked 
| 122|0x0000000087a00000, 0x0000000087a00000, 0x0000000087b00000|  0%| F|  |TAMS 0x0000000087a00000, 0x0000000087a00000| Untracked 
| 123|0x0000000087b00000, 0x0000000087b00000, 0x0000000087c00000|  0%| F|  |TAMS 0x0000000087b00000, 0x0000000087b00000| Untracked 
| 124|0x0000000087c00000, 0x0000000087c00000, 0x0000000087d00000|  0%| F|  |TAMS 0x0000000087c00000, 0x0000000087c00000| Untracked 
| 125|0x0000000087d00000, 0x0000000087d00000, 0x0000000087e00000|  0%| F|  |TAMS 0x0000000087d00000, 0x0000000087d00000| Untracked 
| 126|0x0000000087e00000, 0x0000000087e00000, 0x0000000087f00000|  0%| F|  |TAMS 0x0000000087e00000, 0x0000000087e00000| Untracked 
| 127|0x0000000087f00000, 0x0000000087f00000, 0x0000000088000000|  0%| F|  |TAMS 0x0000000087f00000, 0x0000000087f00000| Untracked 
| 128|0x0000000088000000, 0x0000000088000000, 0x0000000088100000|  0%| F|  |TAMS 0x0000000088000000, 0x0000000088000000| Untracked 
| 129|0x0000000088100000, 0x0000000088100000, 0x0000000088200000|  0%| F|  |TAMS 0x0000000088100000, 0x0000000088100000| Untracked 
| 130|0x0000000088200000, 0x0000000088200000, 0x0000000088300000|  0%| F|  |TAMS 0x0000000088200000, 0x0000000088200000| Untracked 
| 131|0x0000000088300000, 0x0000000088300000, 0x0000000088400000|  0%| F|  |TAMS 0x0000000088300000, 0x0000000088300000| Untracked 
| 132|0x0000000088400000, 0x0000000088400000, 0x0000000088500000|  0%| F|  |TAMS 0x0000000088400000, 0x0000000088400000| Untracked 
| 133|0x0000000088500000, 0x0000000088500000, 0x0000000088600000|  0%| F|  |TAMS 0x0000000088500000, 0x0000000088500000| Untracked 
| 134|0x0000000088600000, 0x0000000088600000, 0x0000000088700000|  0%| F|  |TAMS 0x0000000088600000, 0x0000000088600000| Untracked 
| 135|0x0000000088700000, 0x0000000088700000, 0x0000000088800000|  0%| F|  |TAMS 0x0000000088700000, 0x0000000088700000| Untracked 
| 136|0x0000000088800000, 0x00000000888add00, 0x0000000088900000| 67%| S|CS|TAMS 0x0000000088800000, 0x0000000088800000| Complete 
| 137|0x0000000088900000, 0x0000000088900000, 0x0000000088a00000|  0%| F|  |TAMS 0x0000000088900000, 0x0000000088900000| Untracked 
| 138|0x0000000088a00000, 0x0000000088a00000, 0x0000000088b00000|  0%| F|  |TAMS 0x0000000088a00000, 0x0000000088a00000| Untracked 
| 139|0x0000000088b00000, 0x0000000088b00000, 0x0000000088c00000|  0%| F|  |TAMS 0x0000000088b00000, 0x0000000088b00000| Untracked 
| 140|0x0000000088c00000, 0x0000000088c00000, 0x0000000088d00000|  0%| F|  |TAMS 0x0000000088c00000, 0x0000000088c00000| Untracked 
| 141|0x0000000088d00000, 0x0000000088d00000, 0x0000000088e00000|  0%| F|  |TAMS 0x0000000088d00000, 0x0000000088d00000| Untracked 
| 142|0x0000000088e00000, 0x0000000088ea22f8, 0x0000000088f00000| 63%| E|  |TAMS 0x0000000088e00000, 0x0000000088e00000| Complete 
| 143|0x0000000088f00000, 0x0000000089000000, 0x0000000089000000|100%| E|CS|TAMS 0x0000000088f00000, 0x0000000088f00000| Complete 
| 144|0x0000000089000000, 0x0000000089100000, 0x0000000089100000|100%| E|CS|TAMS 0x0000000089000000, 0x0000000089000000| Complete 
| 145|0x0000000089100000, 0x0000000089200000, 0x0000000089200000|100%| E|CS|TAMS 0x0000000089100000, 0x0000000089100000| Complete 
| 146|0x0000000089200000, 0x0000000089300000, 0x0000000089300000|100%| E|CS|TAMS 0x0000000089200000, 0x0000000089200000| Complete 
| 147|0x0000000089300000, 0x0000000089400000, 0x0000000089400000|100%| E|CS|TAMS 0x0000000089300000, 0x0000000089300000| Complete 
| 148|0x0000000089400000, 0x0000000089500000, 0x0000000089500000|100%| E|CS|TAMS 0x0000000089400000, 0x0000000089400000| Complete 
| 149|0x0000000089500000, 0x0000000089600000, 0x0000000089600000|100%| E|CS|TAMS 0x0000000089500000, 0x0000000089500000| Complete 
| 150|0x0000000089600000, 0x0000000089700000, 0x0000000089700000|100%| E|CS|TAMS 0x0000000089600000, 0x0000000089600000| Complete 
| 151|0x0000000089700000, 0x0000000089800000, 0x0000000089800000|100%| E|CS|TAMS 0x0000000089700000, 0x0000000089700000| Complete 
| 152|0x0000000089800000, 0x0000000089900000, 0x0000000089900000|100%| E|CS|TAMS 0x0000000089800000, 0x0000000089800000| Complete 
| 153|0x0000000089900000, 0x0000000089a00000, 0x0000000089a00000|100%| E|CS|TAMS 0x0000000089900000, 0x0000000089900000| Complete 
| 154|0x0000000089a00000, 0x0000000089b00000, 0x0000000089b00000|100%| E|CS|TAMS 0x0000000089a00000, 0x0000000089a00000| Complete 
| 155|0x0000000089b00000, 0x0000000089c00000, 0x0000000089c00000|100%| E|CS|TAMS 0x0000000089b00000, 0x0000000089b00000| Complete 
| 156|0x0000000089c00000, 0x0000000089d00000, 0x0000000089d00000|100%| E|CS|TAMS 0x0000000089c00000, 0x0000000089c00000| Complete 
| 157|0x0000000089d00000, 0x0000000089e00000, 0x0000000089e00000|100%| E|CS|TAMS 0x0000000089d00000, 0x0000000089d00000| Complete 
| 158|0x0000000089e00000, 0x0000000089f00000, 0x0000000089f00000|100%| E|CS|TAMS 0x0000000089e00000, 0x0000000089e00000| Complete 
| 159|0x0000000089f00000, 0x000000008a000000, 0x000000008a000000|100%| E|CS|TAMS 0x0000000089f00000, 0x0000000089f00000| Complete 
| 160|0x000000008a000000, 0x000000008a100000, 0x000000008a100000|100%| E|CS|TAMS 0x000000008a000000, 0x000000008a000000| Complete 
| 161|0x000000008a100000, 0x000000008a200000, 0x000000008a200000|100%| E|CS|TAMS 0x000000008a100000, 0x000000008a100000| Complete 

Card table byte_map: [0x000002da74740000,0x000002da74b40000] _byte_map_base: 0x000002da74340000

Marking Bits (Prev, Next): (CMBitMap*) 0x000002da61890f48, (CMBitMap*) 0x000002da61890f80
 Prev Bits: [0x000002da74f40000, 0x000002da76f40000)
 Next Bits: [0x000002da76f40000, 0x000002da78f40000)

Polling page: 0x000002da61020000

Metaspace:

Usage:
  Non-class:    103.11 MB capacity,   101.04 MB ( 98%) used,     1.66 MB (  2%) free+waste,   416.31 KB ( <1%) overhead. 
      Class:     15.80 MB capacity,    14.56 MB ( 92%) used,     1.06 MB (  7%) free+waste,   181.69 KB (  1%) overhead. 
       Both:    118.90 MB capacity,   115.60 MB ( 97%) used,     2.72 MB (  2%) free+waste,   598.00 KB ( <1%) overhead. 

Virtual space:
  Non-class space:      104.00 MB reserved,     103.17 MB (>99%) committed 
      Class space:        1.00 GB reserved,      15.88 MB (  2%) committed 
             Both:        1.10 GB reserved,     119.04 MB ( 11%) committed 

Chunk freelists:
   Non-Class:  0 bytes
       Class:  0 bytes
        Both:  0 bytes

MaxMetaspaceSize: 17179869184.00 GB
CompressedClassSpaceSize: 1.00 GB

CodeHeap 'non-profiled nmethods': size=120064Kb used=12219Kb max_used=12219Kb free=107845Kb
 bounds [0x000002da6ce00000, 0x000002da6da00000, 0x000002da74340000]
CodeHeap 'profiled nmethods': size=120000Kb used=46545Kb max_used=46545Kb free=73454Kb
 bounds [0x000002da658d0000, 0x000002da68660000, 0x000002da6ce00000]
CodeHeap 'non-nmethods': size=5696Kb used=2353Kb max_used=2405Kb free=3342Kb
 bounds [0x000002da65340000, 0x000002da655c0000, 0x000002da658d0000]
 total_blobs=21806 nmethods=20838 adapters=876
 compilation: enabled
              stopped_count=0, restarted_count=0
 full_count=0

Compilation events (20 events):
Event: 1896.967 Thread 0x000002da7bd7a800 nmethod 22288 0x000002da6d9ec190 code [0x000002da6d9ec320, 0x000002da6d9ec398]
Event: 1896.967 Thread 0x000002da7bd7a800 22291       4       org.gradle.internal.io.RandomAccessFileInputStream::read (11 bytes)
Event: 1896.971 Thread 0x000002da7bd7a800 nmethod 22291 0x000002da6d9ec410 code [0x000002da6d9ec5c0, 0x000002da6d9ec668]
Event: 1896.971 Thread 0x000002da7bd7a800 22285       4       org.gradle.internal.component.external.model.LazyVariantBackedConfigurationMetadata$RuleAwareVariant::getName (10 bytes)
Event: 1896.973 Thread 0x000002da7bd7a800 nmethod 22285 0x000002da6d9ec790 code [0x000002da6d9ec920, 0x000002da6d9ec9b8]
Event: 1896.977 Thread 0x000002da7bd7a800 22292       4       java.io.FileCleanable::register (49 bytes)
Event: 1896.987 Thread 0x000002da7bd7a800 nmethod 22292 0x000002da6d9eca90 code [0x000002da6d9ecc40, 0x000002da6d9ed048]
Event: 1897.002 Thread 0x000002da7bd7a800 22293       4       org.gradle.internal.component.external.model.ImmutableCapabilities::of (62 bytes)
Event: 1897.055 Thread 0x000002da7b457000 22296   !   3       org.gradle.api.internal.artifacts.ivyservice.resolveengine.graph.builder.ModuleResolveState::appendAttributes (67 bytes)
Event: 1897.059 Thread 0x000002da7b457000 nmethod 22296 0x000002da68644f90 code [0x000002da686451c0, 0x000002da68645968]
Event: 1897.070 Thread 0x000002da7b457000 22297       3       org.gradle.api.internal.artifacts.ivyservice.resolveengine.graph.builder.ModuleResolveState::maybeUpdateSelection (108 bytes)
Event: 1897.073 Thread 0x000002da7b457000 nmethod 22297 0x000002da68645d10 code [0x000002da68645f20, 0x000002da68646558]
Event: 1897.080 Thread 0x000002da7bd7a800 nmethod 22293 0x000002da6d9ed210 code [0x000002da6d9ed4a0, 0x000002da6d9ee1f8]
Event: 1897.080 Thread 0x000002da7bd7a800 22295       4       org.gradle.api.internal.attributes.DefaultImmutableAttributesFactory::isolate (40 bytes)
Event: 1897.109 Thread 0x000002da7bd7a800 nmethod 22295 0x000002da6d9eec90 code [0x000002da6d9eee60, 0x000002da6d9ef168]
Event: 1897.109 Thread 0x000002da7bd7a800 22294       4       org.gradle.api.internal.attributes.DefaultImmutableAttributesFactory::concat (12 bytes)
Event: 1897.155 Thread 0x000002da7bd7a800 nmethod 22294 0x000002da6d9ef310 code [0x000002da6d9ef5a0, 0x000002da6d9f0068]
Event: 1897.178 Thread 0x000002da7bd7a800 22298  s    4       org.gradle.internal.component.external.model.AbstractLazyModuleComponentResolveMetadata::getConfiguration (44 bytes)
Event: 1897.294 Thread 0x000002da7b457000 22300       3       org.gradle.api.internal.artifacts.ivyservice.modulecache.ModuleComponentAtRepositoryKey::equals (59 bytes)
Event: 1897.295 Thread 0x000002da7b457000 nmethod 22300 0x000002da68646710 code [0x000002da68646900, 0x000002da68646e18]

GC Heap History (20 events):
Event: 1442.926 GC heap before
{Heap before GC invocations=75 (full 1):
 garbage-first heap   total 165888K, used 131281K [0x0000000080000000, 0x0000000100000000)
  region size 1024K, 32 young (32768K), 1 survivors (1024K)
 Metaspace       used 117330K, capacity 120607K, committed 120748K, reserved 1155072K
  class space    used 14882K, capacity 16124K, committed 16128K, reserved 1048576K
}
Event: 1442.954 GC heap after
{Heap after GC invocations=76 (full 1):
 garbage-first heap   total 165888K, used 105507K [0x0000000080000000, 0x0000000100000000)
  region size 1024K, 4 young (4096K), 4 survivors (4096K)
 Metaspace       used 117330K, capacity 120607K, committed 120748K, reserved 1155072K
  class space    used 14882K, capacity 16124K, committed 16128K, reserved 1048576K
}
Event: 1442.966 GC heap before
{Heap before GC invocations=76 (full 1):
 garbage-first heap   total 165888K, used 109603K [0x0000000080000000, 0x0000000100000000)
  region size 1024K, 8 young (8192K), 4 survivors (4096K)
 Metaspace       used 117330K, capacity 120607K, committed 120748K, reserved 1155072K
  class space    used 14882K, capacity 16124K, committed 16128K, reserved 1048576K
}
Event: 1442.995 GC heap after
{Heap after GC invocations=77 (full 1):
 garbage-first heap   total 165888K, used 102653K [0x0000000080000000, 0x0000000100000000)
  region size 1024K, 1 young (1024K), 1 survivors (1024K)
 Metaspace       used 117330K, capacity 120607K, committed 120748K, reserved 1155072K
  class space    used 14882K, capacity 16124K, committed 16128K, reserved 1048576K
}
Event: 1443.295 GC heap before
{Heap before GC invocations=77 (full 1):
 garbage-first heap   total 165888K, used 130301K [0x0000000080000000, 0x0000000100000000)
  region size 1024K, 29 young (29696K), 1 survivors (1024K)
 Metaspace       used 117522K, capacity 120818K, committed 121004K, reserved 1155072K
  class space    used 14883K, capacity 16124K, committed 16128K, reserved 1048576K
}
Event: 1443.302 GC heap after
{Heap after GC invocations=78 (full 1):
 garbage-first heap   total 165888K, used 103383K [0x0000000080000000, 0x0000000100000000)
  region size 1024K, 2 young (2048K), 2 survivors (2048K)
 Metaspace       used 117522K, capacity 120818K, committed 121004K, reserved 1155072K
  class space    used 14883K, capacity 16124K, committed 16128K, reserved 1048576K
}
Event: 1444.281 GC heap before
{Heap before GC invocations=79 (full 1):
 garbage-first heap   total 165888K, used 133079K [0x0000000080000000, 0x0000000100000000)
  region size 1024K, 31 young (31744K), 2 survivors (2048K)
 Metaspace       used 117815K, capacity 121134K, committed 121388K, reserved 1155072K
  class space    used 14886K, capacity 16131K, committed 16256K, reserved 1048576K
}
Event: 1444.286 GC heap after
{Heap after GC invocations=80 (full 1):
 garbage-first heap   total 165888K, used 102219K [0x0000000080000000, 0x0000000100000000)
  region size 1024K, 1 young (1024K), 1 survivors (1024K)
 Metaspace       used 117815K, capacity 121134K, committed 121388K, reserved 1155072K
  class space    used 14886K, capacity 16131K, committed 16256K, reserved 1048576K
}
Event: 1444.845 GC heap before
{Heap before GC invocations=80 (full 1):
 garbage-first heap   total 165888K, used 115531K [0x0000000080000000, 0x0000000100000000)
  region size 1024K, 8 young (8192K), 1 survivors (1024K)
 Metaspace       used 117826K, capacity 121134K, committed 121388K, reserved 1155072K
  class space    used 14886K, capacity 16131K, committed 16256K, reserved 1048576K
}
Event: 1444.852 GC heap after
{Heap after GC invocations=81 (full 1):
 garbage-first heap   total 165888K, used 97350K [0x0000000080000000, 0x0000000100000000)
  region size 1024K, 1 young (1024K), 1 survivors (1024K)
 Metaspace       used 117826K, capacity 121134K, committed 121388K, reserved 1155072K
  class space    used 14886K, capacity 16131K, committed 16256K, reserved 1048576K
}
Event: 1662.436 GC heap before
{Heap before GC invocations=81 (full 1):
 garbage-first heap   total 165888K, used 130118K [0x0000000080000000, 0x0000000100000000)
  region size 1024K, 34 young (34816K), 1 survivors (1024K)
 Metaspace       used 118047K, capacity 121370K, committed 121644K, reserved 1155072K
  class space    used 14905K, capacity 16165K, committed 16256K, reserved 1048576K
}
Event: 1662.613 GC heap after
{Heap after GC invocations=82 (full 1):
 garbage-first heap   total 165888K, used 100934K [0x0000000080000000, 0x0000000100000000)
  region size 1024K, 5 young (5120K), 5 survivors (5120K)
 Metaspace       used 118047K, capacity 121370K, committed 121644K, reserved 1155072K
  class space    used 14905K, capacity 16165K, committed 16256K, reserved 1048576K
}
Event: 1666.729 GC heap before
{Heap before GC invocations=83 (full 1):
 garbage-first heap   total 165888K, used 131654K [0x0000000080000000, 0x0000000100000000)
  region size 1024K, 36 young (36864K), 5 survivors (5120K)
 Metaspace       used 118125K, capacity 121396K, committed 121644K, reserved 1155072K
  class space    used 14909K, capacity 16172K, committed 16256K, reserved 1048576K
}
Event: 1666.875 GC heap after
{Heap after GC invocations=84 (full 1):
 garbage-first heap   total 165888K, used 106999K [0x0000000080000000, 0x0000000100000000)
  region size 1024K, 5 young (5120K), 5 survivors (5120K)
 Metaspace       used 118125K, capacity 121396K, committed 121644K, reserved 1155072K
  class space    used 14909K, capacity 16172K, committed 16256K, reserved 1048576K
}
Event: 1666.914 GC heap before
{Heap before GC invocations=84 (full 1):
 garbage-first heap   total 165888K, used 110071K [0x0000000080000000, 0x0000000100000000)
  region size 1024K, 8 young (8192K), 5 survivors (5120K)
 Metaspace       used 118126K, capacity 121396K, committed 121644K, reserved 1155072K
  class space    used 14909K, capacity 16172K, committed 16256K, reserved 1048576K
}
Event: 1667.003 GC heap after
{Heap after GC invocations=85 (full 1):
 garbage-first heap   total 165888K, used 105774K [0x0000000080000000, 0x0000000100000000)
  region size 1024K, 1 young (1024K), 1 survivors (1024K)
 Metaspace       used 118126K, capacity 121396K, committed 121644K, reserved 1155072K
  class space    used 14909K, capacity 16172K, committed 16256K, reserved 1048576K
}
Event: 1668.573 GC heap before
{Heap before GC invocations=85 (full 1):
 garbage-first heap   total 165888K, used 133422K [0x0000000080000000, 0x0000000100000000)
  region size 1024K, 28 young (28672K), 1 survivors (1024K)
 Metaspace       used 118225K, capacity 121604K, committed 121900K, reserved 1155072K
  class space    used 14910K, capacity 16174K, committed 16256K, reserved 1048576K
}
Event: 1668.608 GC heap after
{Heap after GC invocations=86 (full 1):
 garbage-first heap   total 165888K, used 109874K [0x0000000080000000, 0x0000000100000000)
  region size 1024K, 4 young (4096K), 4 survivors (4096K)
 Metaspace       used 118225K, capacity 121604K, committed 121900K, reserved 1155072K
  class space    used 14910K, capacity 16174K, committed 16256K, reserved 1048576K
}
Event: 1669.549 GC heap before
{Heap before GC invocations=86 (full 1):
 garbage-first heap   total 165888K, used 134450K [0x0000000080000000, 0x0000000100000000)
  region size 1024K, 29 young (29696K), 4 survivors (4096K)
 Metaspace       used 118335K, capacity 121692K, committed 121900K, reserved 1155072K
  class space    used 14912K, capacity 16177K, committed 16256K, reserved 1048576K
}
Event: 1669.565 GC heap after
{Heap after GC invocations=87 (full 1):
 garbage-first heap   total 165888K, used 110564K [0x0000000080000000, 0x0000000100000000)
  region size 1024K, 1 young (1024K), 1 survivors (1024K)
 Metaspace       used 118335K, capacity 121692K, committed 121900K, reserved 1155072K
  class space    used 14912K, capacity 16177K, committed 16256K, reserved 1048576K
}

Deoptimization events (20 events):
Event: 1665.139 Thread 0x000002da7cbfb000 DEOPT PACKING pc=0x000002da6cef9e80 sp=0x000000f2b5df77d0
Event: 1665.140 Thread 0x000002da7cbfb000 DEOPT UNPACKING pc=0x000002da6536662f sp=0x000000f2b5df77a8 mode 2
Event: 1665.426 Thread 0x000002da7cbfb000 DEOPT PACKING pc=0x000002da6703051a sp=0x000000f2b5df52e0
Event: 1665.427 Thread 0x000002da7cbfb000 DEOPT UNPACKING pc=0x000002da65366dde sp=0x000000f2b5df48b8 mode 0
Event: 1668.384 Thread 0x000002da7cbfb000 DEOPT PACKING pc=0x000002da684c3991 sp=0x000000f2b5df9140
Event: 1668.384 Thread 0x000002da7cbfb000 DEOPT UNPACKING pc=0x000002da65366dde sp=0x000000f2b5df8678 mode 0
Event: 1668.522 Thread 0x000002da7cbfb000 Uncommon trap: trap_request=0xffffffc6 fr.pc=0x000002da6cef9e80 relative=0x00000000000017e0
Event: 1668.522 Thread 0x000002da7cbfb000 Uncommon trap: reason=bimorphic_or_optimized_type_check action=maybe_recompile pc=0x000002da6cef9e80 method=org.gradle.internal.snapshot.ChildMap$Entry.handleAncestorDescendantOrExactMatch(Lorg/gradle/internal/snapshot/VfsRelativePath;Lorg/gradle/internal
Event: 1668.522 Thread 0x000002da7cbfb000 DEOPT PACKING pc=0x000002da6cef9e80 sp=0x000000f2b5df73d0
Event: 1668.522 Thread 0x000002da7cbfb000 DEOPT UNPACKING pc=0x000002da6536662f sp=0x000000f2b5df73a8 mode 2
Event: 1668.973 Thread 0x000002da7c443800 DEOPT PACKING pc=0x000002da67d01b4e sp=0x000000f2ba9fd700
Event: 1668.974 Thread 0x000002da7c443800 DEOPT UNPACKING pc=0x000002da65366dde sp=0x000000f2ba9fcdb0 mode 0
Event: 1668.976 Thread 0x000002da7c443800 DEOPT PACKING pc=0x000002da67d01b4e sp=0x000000f2ba9fd700
Event: 1668.976 Thread 0x000002da7c443800 DEOPT UNPACKING pc=0x000002da65366dde sp=0x000000f2ba9fcdb0 mode 0
Event: 1668.977 Thread 0x000002da7c443800 DEOPT PACKING pc=0x000002da67d01b4e sp=0x000000f2ba9fd700
Event: 1668.977 Thread 0x000002da7c443800 DEOPT UNPACKING pc=0x000002da65366dde sp=0x000000f2ba9fcdb0 mode 0
Event: 1668.978 Thread 0x000002da7c443800 DEOPT PACKING pc=0x000002da67d01b4e sp=0x000000f2ba9fd700
Event: 1668.978 Thread 0x000002da7c443800 DEOPT UNPACKING pc=0x000002da65366dde sp=0x000000f2ba9fcdb0 mode 0
Event: 1668.979 Thread 0x000002da7c443800 DEOPT PACKING pc=0x000002da67d01b4e sp=0x000000f2ba9fd700
Event: 1668.979 Thread 0x000002da7c443800 DEOPT UNPACKING pc=0x000002da65366dde sp=0x000000f2ba9fcdb0 mode 0

Classes redefined (0 events):
No events

Internal exceptions (20 events):
Event: 1667.181 Thread 0x000002da7cbfb000 Exception <a 'sun/nio/fs/WindowsException'{0x00000000897712e8}> (0x00000000897712e8) thrown at [./src/hotspot/share/prims/jni.cpp, line 615]
Event: 1667.313 Thread 0x000002da7cbfb000 Exception <a 'sun/nio/fs/WindowsException'{0x0000000089304b98}> (0x0000000089304b98) thrown at [./src/hotspot/share/prims/jni.cpp, line 615]
Event: 1667.327 Thread 0x000002da7cbfb000 Exception <a 'sun/nio/fs/WindowsException'{0x00000000893165d8}> (0x00000000893165d8) thrown at [./src/hotspot/share/prims/jni.cpp, line 615]
Event: 1667.353 Thread 0x000002da7cbfb000 Exception <a 'sun/nio/fs/WindowsException'{0x000000008916ca30}> (0x000000008916ca30) thrown at [./src/hotspot/share/prims/jni.cpp, line 615]
Event: 1667.357 Thread 0x000002da7cbfb000 Exception <a 'sun/nio/fs/WindowsException'{0x0000000089173e60}> (0x0000000089173e60) thrown at [./src/hotspot/share/prims/jni.cpp, line 615]
Event: 1667.361 Thread 0x000002da7cbfb000 Exception <a 'sun/nio/fs/WindowsException'{0x0000000089179e38}> (0x0000000089179e38) thrown at [./src/hotspot/share/prims/jni.cpp, line 615]
Event: 1667.366 Thread 0x000002da7cbfb000 Exception <a 'sun/nio/fs/WindowsException'{0x0000000089184f20}> (0x0000000089184f20) thrown at [./src/hotspot/share/prims/jni.cpp, line 615]
Event: 1667.405 Thread 0x000002da7cbfb000 Exception <a 'sun/nio/fs/WindowsException'{0x0000000088ec5d28}> (0x0000000088ec5d28) thrown at [./src/hotspot/share/prims/jni.cpp, line 615]
Event: 1668.625 Thread 0x000002da7c447800 Exception <a 'sun/nio/fs/WindowsException'{0x000000008a0785e0}> (0x000000008a0785e0) thrown at [./src/hotspot/share/prims/jni.cpp, line 615]
Event: 1668.626 Thread 0x000002da7c448800 Exception <a 'sun/nio/fs/WindowsException'{0x000000008a0402e0}> (0x000000008a0402e0) thrown at [./src/hotspot/share/prims/jni.cpp, line 615]
Event: 1668.753 Thread 0x000002da7c448800 Exception <a 'sun/nio/fs/WindowsException'{0x0000000089db2788}> (0x0000000089db2788) thrown at [./src/hotspot/share/prims/jni.cpp, line 615]
Event: 1668.760 Thread 0x000002da7c447800 Exception <a 'sun/nio/fs/WindowsException'{0x0000000089c77210}> (0x0000000089c77210) thrown at [./src/hotspot/share/prims/jni.cpp, line 615]
Event: 1668.770 Thread 0x000002da7c447800 Exception <a 'sun/nio/fs/WindowsException'{0x0000000089cc3dd0}> (0x0000000089cc3dd0) thrown at [./src/hotspot/share/prims/jni.cpp, line 615]
Event: 1668.772 Thread 0x000002da7c448800 Exception <a 'sun/nio/fs/WindowsException'{0x0000000089cca278}> (0x0000000089cca278) thrown at [./src/hotspot/share/prims/jni.cpp, line 615]
Event: 1668.777 Thread 0x000002da7c447800 Exception <a 'sun/nio/fs/WindowsException'{0x0000000089cd4310}> (0x0000000089cd4310) thrown at [./src/hotspot/share/prims/jni.cpp, line 615]
Event: 1668.962 Thread 0x000002da7c443800 Exception <a 'sun/nio/fs/WindowsException'{0x0000000089973800}> (0x0000000089973800) thrown at [./src/hotspot/share/prims/jni.cpp, line 615]
Event: 1669.017 Thread 0x000002da7c443800 Exception <a 'sun/nio/fs/WindowsException'{0x00000000897baa70}> (0x00000000897baa70) thrown at [./src/hotspot/share/prims/jni.cpp, line 615]
Event: 1670.286 Thread 0x000002da7cbfb000 Exception <a 'sun/nio/fs/WindowsException'{0x0000000089f31790}> (0x0000000089f31790) thrown at [./src/hotspot/share/prims/jni.cpp, line 615]
Event: 1670.286 Thread 0x000002da7cbfb000 Exception <a 'sun/nio/fs/WindowsException'{0x0000000089f31900}> (0x0000000089f31900) thrown at [./src/hotspot/share/prims/jni.cpp, line 615]
Event: 1670.287 Thread 0x000002da7cbfb000 Exception <a 'sun/nio/fs/WindowsException'{0x0000000089f33270}> (0x0000000089f33270) thrown at [./src/hotspot/share/prims/jni.cpp, line 615]

Events (20 events):
Event: 1730.443 Thread 0x000002da7cbfb000 Thread exited: 0x000002da7cbfb000
Event: 1730.468 Thread 0x000002da7cbf9800 Thread exited: 0x000002da7cbf9800
Event: 1790.084 Executing VM operation: RevokeBias
Event: 1790.086 Executing VM operation: RevokeBias done
Event: 1790.087 Thread 0x000002da7de7e000 Thread exited: 0x000002da7de7e000
Event: 1894.261 Thread 0x000002da06ef3000 Thread added: 0x000002da06ef3000
Event: 1894.345 Thread 0x000002da06ef0800 Thread added: 0x000002da06ef0800
Event: 1894.516 Thread 0x000002da06ef1800 Thread added: 0x000002da06ef1800
Event: 1894.665 Thread 0x000002da06ef2000 Thread added: 0x000002da06ef2000
Event: 1894.726 Executing VM operation: RevokeBias
Event: 1894.727 Executing VM operation: RevokeBias done
Event: 1894.801 Thread 0x000002da06eed000 Thread added: 0x000002da06eed000
Event: 1894.910 Thread 0x000002da06ef3800 Thread added: 0x000002da06ef3800
Event: 1894.951 Thread 0x000002da06eee000 Thread added: 0x000002da06eee000
Event: 1895.277 Thread 0x000002da06ef4800 Thread added: 0x000002da06ef4800
Event: 1895.578 Thread 0x000002da06eef000 Thread added: 0x000002da06eef000
Event: 1895.618 Thread 0x000002da06ef8800 Thread added: 0x000002da06ef8800
Event: 1895.671 Thread 0x000002da06efa800 Thread added: 0x000002da06efa800
Event: 1895.886 Thread 0x000002da06ef8000 Thread added: 0x000002da06ef8000
Event: 1896.485 Thread 0x000002da06ef9800 Thread added: 0x000002da06ef9800


Dynamic libraries:
0x00007ff641820000 - 0x00007ff64182a000 	C:\Program Files\Android\Android Studio\jre\bin\java.exe
0x00007ffc6be00000 - 0x00007ffc6bfed000 	C:\Windows\SYSTEM32\ntdll.dll
0x00007ffc692d0000 - 0x00007ffc69383000 	C:\Windows\System32\KERNEL32.DLL
0x00007ffc67eb0000 - 0x00007ffc68145000 	C:\Windows\System32\KERNELBASE.dll
0x00007ffc68170000 - 0x00007ffc6826a000 	C:\Windows\System32\ucrtbase.dll
0x00007ffc480d0000 - 0x00007ffc480e7000 	C:\Program Files\Android\Android Studio\jre\bin\VCRUNTIME140.dll
0x00007ffc43e60000 - 0x00007ffc43e79000 	C:\Program Files\Android\Android Studio\jre\bin\jli.dll
0x00007ffc696e0000 - 0x00007ffc69877000 	C:\Windows\System32\USER32.dll
0x00007ffc68270000 - 0x00007ffc68290000 	C:\Windows\System32\win32u.dll
0x00007ffc6b600000 - 0x00007ffc6b629000 	C:\Windows\System32\GDI32.dll
0x00007ffc50900000 - 0x00007ffc50b79000 	C:\Windows\WinSxS\amd64_microsoft.windows.common-controls_6595b64144ccf1df_6.0.17763.1577_none_de7444545348a3d0\COMCTL32.dll
0x00007ffc68e80000 - 0x00007ffc6901c000 	C:\Windows\System32\gdi32full.dll
0x00007ffc68ad0000 - 0x00007ffc68b70000 	C:\Windows\System32\msvcp_win.dll
0x00007ffc6ae80000 - 0x00007ffc6af1e000 	C:\Windows\System32\msvcrt.dll
0x00007ffc6b8f0000 - 0x00007ffc6bc1d000 	C:\Windows\System32\combase.dll
0x00007ffc6b050000 - 0x00007ffc6b172000 	C:\Windows\System32\RPCRT4.dll
0x00007ffc68b70000 - 0x00007ffc68bee000 	C:\Windows\System32\bcryptPrimitives.dll
0x00007ffc69020000 - 0x00007ffc6904e000 	C:\Windows\System32\IMM32.DLL
0x00007ffc269b0000 - 0x00007ffc26a4d000 	C:\Program Files\Android\Android Studio\jre\bin\msvcp140.dll
0x00007ffc2b080000 - 0x00007ffc2bb55000 	C:\Program Files\Android\Android Studio\jre\bin\server\jvm.dll
0x00007ffc69630000 - 0x00007ffc696d3000 	C:\Windows\System32\ADVAPI32.dll
0x00007ffc6bc20000 - 0x00007ffc6bcbe000 	C:\Windows\System32\sechost.dll
0x00007ffc69230000 - 0x00007ffc69238000 	C:\Windows\System32\PSAPI.DLL
0x00007ffc61ee0000 - 0x00007ffc61f04000 	C:\Windows\SYSTEM32\WINMM.dll
0x00007ffc5d2b0000 - 0x00007ffc5d2b9000 	C:\Windows\SYSTEM32\WSOCK32.dll
0x00007ffc61eb0000 - 0x00007ffc61edd000 	C:\Windows\SYSTEM32\WINMMBASE.dll
0x00007ffc698f0000 - 0x00007ffc6995d000 	C:\Windows\System32\WS2_32.dll
0x00007ffc689f0000 - 0x00007ffc68a3a000 	C:\Windows\System32\cfgmgr32.dll
0x00007ffc52930000 - 0x00007ffc5293a000 	C:\Windows\SYSTEM32\VERSION.dll
0x00007ffc67e40000 - 0x00007ffc67e51000 	C:\Windows\System32\kernel.appcore.dll
0x00007ffc47de0000 - 0x00007ffc47df1000 	C:\Program Files\Android\Android Studio\jre\bin\verify.dll
0x00007ffc66780000 - 0x00007ffc6696d000 	C:\Windows\SYSTEM32\DBGHELP.DLL
0x00007ffc51800000 - 0x00007ffc5182a000 	C:\Windows\SYSTEM32\dbgcore.DLL
0x00007ffc47db0000 - 0x00007ffc47dd9000 	C:\Program Files\Android\Android Studio\jre\bin\java.dll
0x00007ffc51900000 - 0x00007ffc5190b000 	C:\Program Files\Android\Android Studio\jre\bin\jimage.dll
0x00007ffc4b9c0000 - 0x00007ffc4b9d8000 	C:\Program Files\Android\Android Studio\jre\bin\zip.dll
0x00007ffc69980000 - 0x00007ffc6ae79000 	C:\Windows\System32\SHELL32.dll
0x00007ffc6bd20000 - 0x00007ffc6bdc8000 	C:\Windows\System32\shcore.dll
0x00007ffc68290000 - 0x00007ffc689e3000 	C:\Windows\System32\windows.storage.dll
0x00007ffc67e80000 - 0x00007ffc67ea4000 	C:\Windows\System32\profapi.dll
0x00007ffc67de0000 - 0x00007ffc67e3d000 	C:\Windows\System32\powrprof.dll
0x00007ffc6aff0000 - 0x00007ffc6b042000 	C:\Windows\System32\shlwapi.dll
0x00007ffc68150000 - 0x00007ffc68167000 	C:\Windows\System32\cryptsp.dll
0x00007ffc4b880000 - 0x00007ffc4b89a000 	C:\Program Files\Android\Android Studio\jre\bin\net.dll
0x00007ffc5fb70000 - 0x00007ffc5fc64000 	C:\Windows\SYSTEM32\WINHTTP.dll
0x00007ffc675f0000 - 0x00007ffc67657000 	C:\Windows\system32\mswsock.dll
0x00007ffc48cf0000 - 0x00007ffc48d04000 	C:\Program Files\Android\Android Studio\jre\bin\nio.dll
0x00007ffc48c80000 - 0x00007ffc48ca7000 	C:\Users\91892\.gradle\native\e1d6ef7f7dcc3fd88c89a11ec53ec762bb8ba0a96d01ffa2cd45eb1d1d8dd5c5\windows-amd64\native-platform.dll
0x00007ffc1d4d0000 - 0x00007ffc1d614000 	C:\Users\91892\.gradle\native\5664cfc778a61ccfe75a443a1ab52a65af34e5dc3c78e0209fed803814484fcb\windows-amd64\native-platform-file-events.dll
0x00007ffc5cdd0000 - 0x00007ffc5cdda000 	C:\Program Files\Android\Android Studio\jre\bin\management.dll
0x00007ffc4e060000 - 0x00007ffc4e06d000 	C:\Program Files\Android\Android Studio\jre\bin\management_ext.dll
0x00007ffc67170000 - 0x00007ffc671a3000 	C:\Windows\system32\rsaenh.dll
0x00007ffc68a40000 - 0x00007ffc68a66000 	C:\Windows\System32\bcrypt.dll
0x00007ffc67ce0000 - 0x00007ffc67d09000 	C:\Windows\SYSTEM32\USERENV.dll
0x00007ffc677c0000 - 0x00007ffc677cc000 	C:\Windows\SYSTEM32\CRYPTBASE.dll
0x00007ffc67310000 - 0x00007ffc6734d000 	C:\Windows\SYSTEM32\IPHLPAPI.DLL
0x00007ffc69240000 - 0x00007ffc69248000 	C:\Windows\System32\NSI.dll
0x00007ffc5d660000 - 0x00007ffc5d676000 	C:\Windows\SYSTEM32\dhcpcsvc6.DLL
0x00007ffc5e470000 - 0x00007ffc5e48c000 	C:\Windows\SYSTEM32\dhcpcsvc.DLL
0x00007ffc67350000 - 0x00007ffc67416000 	C:\Windows\SYSTEM32\DNSAPI.dll
0x00007ffc2c870000 - 0x00007ffc2c897000 	C:\Program Files\Android\Android Studio\jre\bin\sunec.dll

dbghelp: loaded successfully - version: 4.0.5 - missing functions: none
symbol engine: initialized successfully - sym options: 0x614 - pdb path: .;C:\Program Files\Android\Android Studio\jre\bin;C:\Windows\SYSTEM32;C:\Windows\WinSxS\amd64_microsoft.windows.common-controls_6595b64144ccf1df_6.0.17763.1577_none_de7444545348a3d0;C:\Program Files\Android\Android Studio\jre\bin\server;C:\Users\91892\.gradle\native\e1d6ef7f7dcc3fd88c89a11ec53ec762bb8ba0a96d01ffa2cd45eb1d1d8dd5c5\windows-amd64;C:\Users\91892\.gradle\native\5664cfc778a61ccfe75a443a1ab52a65af34e5dc3c78e0209fed803814484fcb\windows-amd64

VM Arguments:
jvm_args: --add-opens=java.base/java.util=ALL-UNNAMED --add-opens=java.base/java.lang=ALL-UNNAMED --add-opens=java.base/java.lang.invoke=ALL-UNNAMED --add-opens=java.base/java.util=ALL-UNNAMED --add-opens=java.prefs/java.util.prefs=ALL-UNNAMED --add-opens=java.prefs/java.util.prefs=ALL-UNNAMED --add-opens=java.base/java.nio.charset=ALL-UNNAMED --add-opens=java.base/java.net=ALL-UNNAMED --add-opens=java.base/java.util.concurrent.atomic=ALL-UNNAMED -Xmx2048m -Dfile.encoding=UTF-8 -Duser.country=IN -Duser.language=en -Duser.variant 
java_command: org.gradle.launcher.daemon.bootstrap.GradleDaemon 7.2
java_class_path (initial): C:\Users\91892\.gradle\wrapper\dists\gradle-7.2-bin\2dnblmf4td7x66yl1d74lt32g\gradle-7.2\lib\gradle-launcher-7.2.jar
Launcher Type: SUN_STANDARD

[Global flags]
     intx CICompilerCount                          = 3                                         {product} {ergonomic}
     uint ConcGCThreads                            = 1                                         {product} {ergonomic}
     uint G1ConcRefinementThreads                  = 4                                         {product} {ergonomic}
   size_t G1HeapRegionSize                         = 1048576                                   {product} {ergonomic}
    uintx GCDrainStackTargetSize                   = 64                                        {product} {ergonomic}
   size_t InitialHeapSize                          = 67108864                                  {product} {ergonomic}
   size_t MarkStackSize                            = 4194304                                   {product} {ergonomic}
   size_t MaxHeapSize                              = 2147483648                                {product} {command line}
   size_t MaxNewSize                               = 1287651328                                {product} {ergonomic}
   size_t MinHeapDeltaBytes                        = 1048576                                   {product} {ergonomic}
    uintx NonNMethodCodeHeapSize                   = 5830732                                {pd product} {ergonomic}
    uintx NonProfiledCodeHeapSize                  = 122913754                              {pd product} {ergonomic}
    uintx ProfiledCodeHeapSize                     = 122913754                              {pd product} {ergonomic}
    uintx ReservedCodeCacheSize                    = 251658240                              {pd product} {ergonomic}
     bool SegmentedCodeCache                       = true                                      {product} {ergonomic}
     bool UseCompressedClassPointers               = true                                 {lp64_product} {ergonomic}
     bool UseCompressedOops                        = true                                 {lp64_product} {ergonomic}
     bool UseG1GC                                  = true                                      {product} {ergonomic}
     bool UseLargePagesIndividualAllocation        = false                                  {pd product} {ergonomic}

Logging:
Log output configuration:
 #0: stdout all=warning uptime,level,tags
 #1: stderr all=off uptime,level,tags

Environment Variables:
PATH=C:\Python310\Scripts\;C:\Python310\;C:\Program Files (x86)\Common Files\Oracle\Java\javapath;C:\Program Files (x86)\Intel\Intel(R) Management Engine Components\iCLS\;C:\Program Files\Intel\Intel(R) Management Engine Components\iCLS\;C:\Windows\system32;C:\Windows;C:\Windows\System32\Wbem;C:\Windows\System32\WindowsPowerShell\v1.0\;C:\Windows\System32\OpenSSH\;C:\Program Files (x86)\Intel\Intel(R) Management Engine Components\DAL;C:\Program Files\Intel\Intel(R) Management Engine Components\DAL;C:\Program Files\Java\jdk-14.0.1\bin;C:\MinGW\bin;C:\Program Files\Java\jdk1.8.0_291\bin;C:\Users\91892\AppData\Local\Programs\Microsoft VS Code\bin
USERNAME=91892
OS=Windows_NT
PROCESSOR_IDENTIFIER=Intel64 Family 6 Model 142 Stepping 9, GenuineIntel



---------------  S Y S T E M  ---------------

OS: Windows 10 , 64 bit Build 17763 (10.0.17763.475)
OS uptime: 0 days 1:03 hours

CPU:total 4 (initial active 4) (2 cores per cpu, 2 threads per core) family 6 model 142 stepping 9 microcode 0xb4, cmov, cx8, fxsr, mmx, sse, sse2, sse3, ssse3, sse4.1, sse4.2, popcnt, avx, avx2, aes, clmul, erms, 3dnowpref, lzcnt, ht, tsc, tscinvbit, bmi1, bmi2, adx, fma

Memory: 4k page, system-wide physical 3974M (276M free)
TotalPageFile size 16262M (AvailPageFile size 0M)
current process WorkingSet (physical memory assigned to process): 117M, peak: 444M
current process commit charge ("private bytes"): 498M, peak: 524M

vm_info: OpenJDK 64-Bit Server VM (11.0.11+9-b60-7590822) for windows-amd64 JRE (11.0.11+9-b60-7590822), built on Jul 29 2021 21:43:44 by "builder" with MS VC++ 14.0 (VS2015)

END.
